\BOOKMARK [0][-]{Doc-Start}{ACKNOWLEDGEMENT}{}% 1
\BOOKMARK [0][-]{Doc-Start}{ABSTRACT}{}% 2
\BOOKMARK [0][-]{chapter*.3}{LIST OF TABLES}{}% 3
\BOOKMARK [0][-]{chapter*.4}{LIST OF FIGURES}{}% 4
\BOOKMARK [0][-]{chapter.1}{INTRODUCTION}{}% 5
\BOOKMARK [1][-]{section.1.1}{Problem Definition}{chapter.1}% 6
\BOOKMARK [1][-]{section.1.2}{Objectives of the Project Work}{chapter.1}% 7
\BOOKMARK [1][-]{section.1.3}{Scope of the Project Work}{chapter.1}% 8
\BOOKMARK [1][-]{section.1.4}{Research Methodology}{chapter.1}% 9
\BOOKMARK [1][-]{section.1.5}{Limitations of the Project Work}{chapter.1}% 10
\BOOKMARK [0][-]{chapter.2}{LITERATURE REVIEW}{}% 11
\BOOKMARK [1][-]{section.2.1}{Maintanance Management Techniques }{chapter.2}% 12
\BOOKMARK [2][-]{subsection.2.1.1}{Run to failure Management}{section.2.1}% 13
\BOOKMARK [2][-]{subsection.2.1.2}{Preventive Maintanance}{section.2.1}% 14
\BOOKMARK [2][-]{subsection.2.1.3}{Predictive Maintananve}{section.2.1}% 15
\BOOKMARK [1][-]{section.2.2}{Mechanical Condition Monitoring Techniques}{chapter.2}% 16
\BOOKMARK [2][-]{subsection.2.2.1}{Vibration Analysis}{section.2.2}% 17
\BOOKMARK [2][-]{subsection.2.2.2}{Ultrasonic inspection }{section.2.2}% 18
\BOOKMARK [2][-]{subsection.2.2.3}{Thermography }{section.2.2}% 19
\BOOKMARK [2][-]{subsection.2.2.4}{Acoustic emission}{section.2.2}% 20
\BOOKMARK [1][-]{section.2.3}{Data Acquisition System}{chapter.2}% 21
\BOOKMARK [2][-]{subsection.2.3.1}{Ardunio UNOR3}{section.2.3}% 22
\BOOKMARK [2][-]{subsection.2.3.2}{Wifi Module}{section.2.3}% 23
\BOOKMARK [1][-]{section.2.4}{Indirect purchases}{chapter.2}% 24
\BOOKMARK [1][-]{section.2.5}{Procurement Process }{chapter.2}% 25
\BOOKMARK [1][-]{section.2.6}{Implementation of E-procurement}{chapter.2}% 26
\BOOKMARK [1][-]{section.2.7}{Benefits of E-procurement }{chapter.2}% 27
\BOOKMARK [2][-]{subsection.2.7.1}{E-procurement process risks}{section.2.7}% 28
\BOOKMARK [1][-]{section.2.8}{Relevance of Literature Reviewed}{chapter.2}% 29
\BOOKMARK [1][-]{section.2.9}{Research Methodology}{chapter.2}% 30
\BOOKMARK [2][-]{subsection.2.9.1}{Data Collection}{section.2.9}% 31
\BOOKMARK [2][-]{subsection.2.9.2}{Hypotheses}{section.2.9}% 32
\BOOKMARK [2][-]{subsection.2.9.3}{Tools for Data Analysis}{section.2.9}% 33
\BOOKMARK [2][-]{subsection.2.9.4}{Tools for Hypothesis Testing}{section.2.9}% 34
\BOOKMARK [1][-]{section.2.10}{Summary}{chapter.2}% 35
\BOOKMARK [0][-]{chapter.3}{EXPERIMENTAL DESIGN/DATA COLLECTION}{}% 36
\BOOKMARK [1][-]{section.3.1}{Inserting a Figure}{chapter.3}% 37
\BOOKMARK [2][-]{subsection.3.1.1}{Table referred here}{section.3.1}% 38
\BOOKMARK [2][-]{subsection.3.1.2}{A section in another chapter referred here}{section.3.1}% 39
\BOOKMARK [1][-]{section.3.2}{Equation referred here}{chapter.3}% 40
\BOOKMARK [1][-]{section.3.3}{Summary}{chapter.3}% 41
\BOOKMARK [0][-]{chapter.4}{DATA ANALYSIS}{}% 42
\BOOKMARK [1][-]{section.4.1}{Equations}{chapter.4}% 43
\BOOKMARK [1][-]{section.4.2}{Using the equation, table and figure numbers globally}{chapter.4}% 44
\BOOKMARK [1][-]{section.4.3}{Summary}{chapter.4}% 45
\BOOKMARK [0][-]{chapter.5}{RESULTS AND DISCUSSIONS}{}% 46
\BOOKMARK [1][-]{section.5.1}{Sub-figures}{chapter.5}% 47
\BOOKMARK [1][-]{section.5.2}{Tables}{chapter.5}% 48
\BOOKMARK [1][-]{section.5.3}{Summary}{chapter.5}% 49
\BOOKMARK [0][-]{chapter.6}{CONCLUSIONS}{}% 50
\BOOKMARK [0][-]{chapter*.16}{REFERENCES}{}% 51
